Added Component: Designator=C2(6-0805)
Add component. Clean all parameters for all variants
Add component (AddParameter): Name = "LatestRevisionDate"; Value = "17-Jul-2002"; VariantName = "[No Variations]"
Add component (AddParameter): Name = "LatestRevisionNote"; Value = "Re-released for DXP Platform."; VariantName = "[No Variations]"
Add component (AddParameter): Name = "PackageDescription"; Value = "Radial Cap, Thru-Hole; 2 Leads; 0.3 in Pin Spacing"; VariantName = "[No Variations]"
Add component (AddParameter): Name = "PackageReference"; Value = "RAD-0.3"; VariantName = "[No Variations]"
Add component (AddParameter): Name = "Published"; Value = "8-Jun-2000"; VariantName = "[No Variations]"
Add component (AddParameter): Name = "Publisher"; Value = "Altium Limited"; VariantName = "[No Variations]"
Add component (AddParameter): Name = "Value"; Value = "0.1uF"; VariantName = "[No Variations]"
Added Component: Designator=C3(6-0805)
Add component. Clean all parameters for all variants
Add component (AddParameter): Name = "LatestRevisionDate"; Value = "17-Jul-2002"; VariantName = "[No Variations]"
Add component (AddParameter): Name = "LatestRevisionNote"; Value = "Re-released for DXP Platform."; VariantName = "[No Variations]"
Add component (AddParameter): Name = "PackageDescription"; Value = "Radial Cap, Thru-Hole; 2 Leads; 0.3 in Pin Spacing"; VariantName = "[No Variations]"
Add component (AddParameter): Name = "PackageReference"; Value = "RAD-0.3"; VariantName = "[No Variations]"
Add component (AddParameter): Name = "Published"; Value = "8-Jun-2000"; VariantName = "[No Variations]"
Add component (AddParameter): Name = "Publisher"; Value = "Altium Limited"; VariantName = "[No Variations]"
Add component (AddParameter): Name = "Value"; Value = "106/10V"; VariantName = "[No Variations]"
Added Component: Designator=C5(6-0805)
Add component. Clean all parameters for all variants
Add component (AddParameter): Name = "LatestRevisionDate"; Value = "17-Jul-2002"; VariantName = "[No Variations]"
Add component (AddParameter): Name = "LatestRevisionNote"; Value = "Re-released for DXP Platform."; VariantName = "[No Variations]"
Add component (AddParameter): Name = "PackageDescription"; Value = "Radial Cap, Thru-Hole; 2 Leads; 0.3 in Pin Spacing"; VariantName = "[No Variations]"
Add component (AddParameter): Name = "PackageReference"; Value = "RAD-0.3"; VariantName = "[No Variations]"
Add component (AddParameter): Name = "Published"; Value = "8-Jun-2000"; VariantName = "[No Variations]"
Add component (AddParameter): Name = "Publisher"; Value = "Altium Limited"; VariantName = "[No Variations]"
Add component (AddParameter): Name = "Value"; Value = "0.1uF"; VariantName = "[No Variations]"
Added Component: Designator=C6(6-0805)
Add component. Clean all parameters for all variants
Add component (AddParameter): Name = "LatestRevisionDate"; Value = "17-Jul-2002"; VariantName = "[No Variations]"
Add component (AddParameter): Name = "LatestRevisionNote"; Value = "Re-released for DXP Platform."; VariantName = "[No Variations]"
Add component (AddParameter): Name = "PackageDescription"; Value = "Radial Cap, Thru-Hole; 2 Leads; 0.3 in Pin Spacing"; VariantName = "[No Variations]"
Add component (AddParameter): Name = "PackageReference"; Value = "RAD-0.3"; VariantName = "[No Variations]"
Add component (AddParameter): Name = "Published"; Value = "8-Jun-2000"; VariantName = "[No Variations]"
Add component (AddParameter): Name = "Publisher"; Value = "Altium Limited"; VariantName = "[No Variations]"
Add component (AddParameter): Name = "Value"; Value = "4.7uF"; VariantName = "[No Variations]"
Added Component: Designator=C7(6-0805)
Add component. Clean all parameters for all variants
Add component (AddParameter): Name = "LatestRevisionDate"; Value = "17-Jul-2002"; VariantName = "[No Variations]"
Add component (AddParameter): Name = "LatestRevisionNote"; Value = "Re-released for DXP Platform."; VariantName = "[No Variations]"
Add component (AddParameter): Name = "PackageDescription"; Value = "Radial Cap, Thru-Hole; 2 Leads; 0.3 in Pin Spacing"; VariantName = "[No Variations]"
Add component (AddParameter): Name = "PackageReference"; Value = "RAD-0.3"; VariantName = "[No Variations]"
Add component (AddParameter): Name = "Published"; Value = "8-Jun-2000"; VariantName = "[No Variations]"
Add component (AddParameter): Name = "Publisher"; Value = "Altium Limited"; VariantName = "[No Variations]"
Add component (AddParameter): Name = "Value"; Value = "0.1uF"; VariantName = "[No Variations]"
Added Component: Designator=C9(3528B)
Add component. Clean all parameters for all variants
Add component (AddParameter): Name = "LatestRevisionDate"; Value = "17-Jul-2002"; VariantName = "[No Variations]"
Add component (AddParameter): Name = "LatestRevisionNote"; Value = "Re-released for DXP Platform."; VariantName = "[No Variations]"
Add component (AddParameter): Name = "PackageDescription"; Value = "Polarized Capacitor; 2 Leads"; VariantName = "[No Variations]"
Add component (AddParameter): Name = "PackageReference"; Value = "POLAR0.8"; VariantName = "[No Variations]"
Add component (AddParameter): Name = "Published"; Value = "8-Jun-2000"; VariantName = "[No Variations]"
Add component (AddParameter): Name = "Publisher"; Value = "Altium Limited"; VariantName = "[No Variations]"
Add component (AddParameter): Name = "Value"; Value = "22uF"; VariantName = "[No Variations]"
Added Component: Designator=C10(6-0805)
Add component. Clean all parameters for all variants
Add component (AddParameter): Name = "LatestRevisionDate"; Value = "17-Jul-2002"; VariantName = "[No Variations]"
Add component (AddParameter): Name = "LatestRevisionNote"; Value = "Re-released for DXP Platform."; VariantName = "[No Variations]"
Add component (AddParameter): Name = "PackageDescription"; Value = "Radial Cap, Thru-Hole; 2 Leads; 0.3 in Pin Spacing"; VariantName = "[No Variations]"
Add component (AddParameter): Name = "PackageReference"; Value = "RAD-0.3"; VariantName = "[No Variations]"
Add component (AddParameter): Name = "Published"; Value = "8-Jun-2000"; VariantName = "[No Variations]"
Add component (AddParameter): Name = "Publisher"; Value = "Altium Limited"; VariantName = "[No Variations]"
Add component (AddParameter): Name = "Value"; Value = "106/10V"; VariantName = "[No Variations]"
Added Component: Designator=J2(USB Type-C 6P)
Add component. Clean all parameters for all variants
Added Component: Designator=J3(RJ45*1)
Add component. Clean all parameters for all variants
Added Component: Designator=J4(RJ45*1)
Add component. Clean all parameters for all variants
Added Component: Designator=J5(RJ45*1)
Add component. Clean all parameters for all variants
Added Component: Designator=J6(RJ45*1)
Add component. Clean all parameters for all variants
Added Component: Designator=J7(RJ45*1)
Add component. Clean all parameters for all variants
Added Component: Designator=J8(USB2.0)
Add component. Clean all parameters for all variants
Added Component: Designator=J9(USB3.0_0)
Add component. Clean all parameters for all variants
Added Component: Designator=P1(HDR2X2)
Add component. Clean all parameters for all variants
Add component (AddParameter): Name = "LatestRevisionDate"; Value = "17-Jul-2002"; VariantName = "[No Variations]"
Add component (AddParameter): Name = "LatestRevisionNote"; Value = "Re-released for DXP Platform."; VariantName = "[No Variations]"
Add component (AddParameter): Name = "Publisher"; Value = "Altium Limited"; VariantName = "[No Variations]"
Added Component: Designator=P2(HDR2X4)
Add component. Clean all parameters for all variants
Add component (AddParameter): Name = "LatestRevisionDate"; Value = "17-Jul-2002"; VariantName = "[No Variations]"
Add component (AddParameter): Name = "LatestRevisionNote"; Value = "Re-released for DXP Platform."; VariantName = "[No Variations]"
Add component (AddParameter): Name = "Publisher"; Value = "Altium Limited"; VariantName = "[No Variations]"
Added Component: Designator=P3(HDR2X18)
Add component. Clean all parameters for all variants
Add component (AddParameter): Name = "LatestRevisionDate"; Value = "17-Jul-2002"; VariantName = "[No Variations]"
Add component (AddParameter): Name = "LatestRevisionNote"; Value = "Re-released for DXP Platform."; VariantName = "[No Variations]"
Add component (AddParameter): Name = "Publisher"; Value = "Altium Limited"; VariantName = "[No Variations]"
Added Component: Designator=P4(HDR2X18)
Add component. Clean all parameters for all variants
Add component (AddParameter): Name = "LatestRevisionDate"; Value = "17-Jul-2002"; VariantName = "[No Variations]"
Add component (AddParameter): Name = "LatestRevisionNote"; Value = "Re-released for DXP Platform."; VariantName = "[No Variations]"
Add component (AddParameter): Name = "Publisher"; Value = "Altium Limited"; VariantName = "[No Variations]"
Added Component: Designator=S1(SW_PB)
Add component. Clean all parameters for all variants
Added Component: Designator=U1(HLK-7621)
Add component. Clean all parameters for all variants
Added Component: Designator=U2(TO252)
Add component. Clean all parameters for all variants
Added Component: Designator=U3(transformer_G1801D)
Add component. Clean all parameters for all variants
Added Component: Designator=U4(transformer_G1801D)
Add component. Clean all parameters for all variants
Added Component: Designator=U5(transformer_G1801D)
Add component. Clean all parameters for all variants
Added Component: Designator=U6(transformer_G1801D)
Add component. Clean all parameters for all variants
Added Component: Designator=U7(transformer_G1801D)
Add component. Clean all parameters for all variants
Added Pin To Net: NetName=3V3 Pin=C9-1
Added Pin To Net: NetName=3V3 Pin=P1-1
Added Pin To Net: NetName=3V3 Pin=U1-1
Added Pin To Net: NetName=3V3 Pin=U1-2
Added Pin To Net: NetName=3V3 Pin=U1-3
Added Pin To Net: NetName=3V3 Pin=U1-4
Added Pin To Net: NetName=3V3 Pin=U2-2
Added Net: Name=3V3
Added Pin To Net: NetName=5VD Pin=C2-1
Added Pin To Net: NetName=5VD Pin=C3-1
Added Pin To Net: NetName=5VD Pin=C5-1
Added Pin To Net: NetName=5VD Pin=C6-2
Added Pin To Net: NetName=5VD Pin=C7-2
Added Pin To Net: NetName=5VD Pin=C10-1
Added Pin To Net: NetName=5VD Pin=J2-A9
Added Pin To Net: NetName=5VD Pin=J2-B9
Added Pin To Net: NetName=5VD Pin=J8-1
Added Pin To Net: NetName=5VD Pin=J9-1
Added Pin To Net: NetName=5VD Pin=P1-3
Added Pin To Net: NetName=5VD Pin=U2-3
Added Net: Name=5VD
Added Pin To Net: NetName=A_POR_BPS Pin=P4-12
Added Pin To Net: NetName=A_POR_BPS Pin=U1-81
Added Net: Name=A_POR_BPS
Added Pin To Net: NetName=CH340_RX Pin=P4-25
Added Pin To Net: NetName=CH340_RX Pin=U1-94
Added Net: Name=CH340_RX
Added Pin To Net: NetName=CH340_TX Pin=P4-24
Added Pin To Net: NetName=CH340_TX Pin=U1-93
Added Net: Name=CH340_TX
Added Pin To Net: NetName=CTS2_N Pin=P2-7
Added Pin To Net: NetName=CTS2_N Pin=U1-15
Added Net: Name=CTS2_N
Added Pin To Net: NetName=CTS3_N Pin=P2-1
Added Pin To Net: NetName=CTS3_N Pin=U1-9
Added Net: Name=CTS3_N
Added Pin To Net: NetName=ESW_P0_A_N Pin=U1-29
Added Pin To Net: NetName=ESW_P0_A_N Pin=U7-7
Added Net: Name=ESW_P0_A_N
Added Pin To Net: NetName=ESW_P0_A_P Pin=U1-28
Added Pin To Net: NetName=ESW_P0_A_P Pin=U7-8
Added Net: Name=ESW_P0_A_P
Added Pin To Net: NetName=ESW_P0_B_N Pin=U1-31
Added Pin To Net: NetName=ESW_P0_B_N Pin=U7-5
Added Net: Name=ESW_P0_B_N
Added Pin To Net: NetName=ESW_P0_B_P Pin=U1-30
Added Pin To Net: NetName=ESW_P0_B_P Pin=U7-6
Added Net: Name=ESW_P0_B_P
Added Pin To Net: NetName=ESW_P0_C_N Pin=U1-33
Added Pin To Net: NetName=ESW_P0_C_N Pin=U7-3
Added Net: Name=ESW_P0_C_N
Added Pin To Net: NetName=ESW_P0_C_P Pin=U1-32
Added Pin To Net: NetName=ESW_P0_C_P Pin=U7-4
Added Net: Name=ESW_P0_C_P
Added Pin To Net: NetName=ESW_P0_D_N Pin=U1-35
Added Pin To Net: NetName=ESW_P0_D_N Pin=U7-1
Added Net: Name=ESW_P0_D_N
Added Pin To Net: NetName=ESW_P0_D_P Pin=U1-34
Added Pin To Net: NetName=ESW_P0_D_P Pin=U7-2
Added Net: Name=ESW_P0_D_P
Added Pin To Net: NetName=ESW_P0_LED_0 Pin=P4-6
Added Pin To Net: NetName=ESW_P0_LED_0 Pin=U1-75
Added Net: Name=ESW_P0_LED_0
Added Pin To Net: NetName=ESW_P0_LED_1 Pin=P4-7
Added Pin To Net: NetName=ESW_P0_LED_1 Pin=U1-76
Added Net: Name=ESW_P0_LED_1
Added Pin To Net: NetName=ESW_P1_A_N Pin=U1-37
Added Pin To Net: NetName=ESW_P1_A_N Pin=U6-7
Added Net: Name=ESW_P1_A_N
Added Pin To Net: NetName=ESW_P1_A_P Pin=U1-36
Added Pin To Net: NetName=ESW_P1_A_P Pin=U6-8
Added Net: Name=ESW_P1_A_P
Added Pin To Net: NetName=ESW_P1_B_N Pin=U1-39
Added Pin To Net: NetName=ESW_P1_B_N Pin=U6-5
Added Net: Name=ESW_P1_B_N
Added Pin To Net: NetName=ESW_P1_B_P Pin=U1-38
Added Pin To Net: NetName=ESW_P1_B_P Pin=U6-6
Added Net: Name=ESW_P1_B_P
Added Pin To Net: NetName=ESW_P1_C_N Pin=U1-41
Added Pin To Net: NetName=ESW_P1_C_N Pin=U6-3
Added Net: Name=ESW_P1_C_N
Added Pin To Net: NetName=ESW_P1_C_P Pin=U1-40
Added Pin To Net: NetName=ESW_P1_C_P Pin=U6-4
Added Net: Name=ESW_P1_C_P
Added Pin To Net: NetName=ESW_P1_D_N Pin=U1-43
Added Pin To Net: NetName=ESW_P1_D_N Pin=U6-1
Added Net: Name=ESW_P1_D_N
Added Pin To Net: NetName=ESW_P1_D_P Pin=U1-42
Added Pin To Net: NetName=ESW_P1_D_P Pin=U6-2
Added Net: Name=ESW_P1_D_P
Added Pin To Net: NetName=ESW_P1_LED_0 Pin=P4-5
Added Pin To Net: NetName=ESW_P1_LED_0 Pin=U1-74
Added Net: Name=ESW_P1_LED_0
Added Pin To Net: NetName=ESW_P2_A_N Pin=U1-46
Added Pin To Net: NetName=ESW_P2_A_N Pin=U5-7
Added Net: Name=ESW_P2_A_N
Added Pin To Net: NetName=ESW_P2_A_P Pin=U1-45
Added Pin To Net: NetName=ESW_P2_A_P Pin=U5-8
Added Net: Name=ESW_P2_A_P
Added Pin To Net: NetName=ESW_P2_B_N Pin=U1-48
Added Pin To Net: NetName=ESW_P2_B_N Pin=U5-5
Added Net: Name=ESW_P2_B_N
Added Pin To Net: NetName=ESW_P2_B_P Pin=U1-47
Added Pin To Net: NetName=ESW_P2_B_P Pin=U5-6
Added Net: Name=ESW_P2_B_P
Added Pin To Net: NetName=ESW_P2_C_N Pin=U1-50
Added Pin To Net: NetName=ESW_P2_C_N Pin=U5-3
Added Net: Name=ESW_P2_C_N
Added Pin To Net: NetName=ESW_P2_C_P Pin=U1-49
Added Pin To Net: NetName=ESW_P2_C_P Pin=U5-4
Added Net: Name=ESW_P2_C_P
Added Pin To Net: NetName=ESW_P2_D_N Pin=U1-52
Added Pin To Net: NetName=ESW_P2_D_N Pin=U5-1
Added Net: Name=ESW_P2_D_N
Added Pin To Net: NetName=ESW_P2_D_P Pin=U1-51
Added Pin To Net: NetName=ESW_P2_D_P Pin=U5-2
Added Net: Name=ESW_P2_D_P
Added Pin To Net: NetName=ESW_P2_LED_0 Pin=P4-4
Added Pin To Net: NetName=ESW_P2_LED_0 Pin=U1-73
Added Net: Name=ESW_P2_LED_0
Added Pin To Net: NetName=ESW_P3_A_N Pin=U1-55
Added Pin To Net: NetName=ESW_P3_A_N Pin=U4-7
Added Net: Name=ESW_P3_A_N
Added Pin To Net: NetName=ESW_P3_A_P Pin=U1-54
Added Pin To Net: NetName=ESW_P3_A_P Pin=U4-8
Added Net: Name=ESW_P3_A_P
Added Pin To Net: NetName=ESW_P3_B_N Pin=U1-57
Added Pin To Net: NetName=ESW_P3_B_N Pin=U4-5
Added Net: Name=ESW_P3_B_N
Added Pin To Net: NetName=ESW_P3_B_P Pin=U1-56
Added Pin To Net: NetName=ESW_P3_B_P Pin=U1-56
Added Pin To Net: NetName=ESW_P3_B_P Pin=U4-6
Added Net: Name=ESW_P3_B_P
Added Pin To Net: NetName=ESW_P3_C_N Pin=U1-59
Added Pin To Net: NetName=ESW_P3_C_N Pin=U4-3
Added Net: Name=ESW_P3_C_N
Added Pin To Net: NetName=ESW_P3_C_P Pin=U1-58
Added Pin To Net: NetName=ESW_P3_C_P Pin=U4-4
Added Net: Name=ESW_P3_C_P
Added Pin To Net: NetName=ESW_P3_D_N Pin=U1-61
Added Pin To Net: NetName=ESW_P3_D_N Pin=U4-1
Added Net: Name=ESW_P3_D_N
Added Pin To Net: NetName=ESW_P3_D_P Pin=U1-60
Added Pin To Net: NetName=ESW_P3_D_P Pin=U4-2
Added Net: Name=ESW_P3_D_P
Added Pin To Net: NetName=ESW_P3_LED_0 Pin=P4-3
Added Pin To Net: NetName=ESW_P3_LED_0 Pin=U1-72
Added Net: Name=ESW_P3_LED_0
Added Pin To Net: NetName=ESW_P4_A_N Pin=U1-64
Added Pin To Net: NetName=ESW_P4_A_N Pin=U3-7
Added Net: Name=ESW_P4_A_N
Added Pin To Net: NetName=ESW_P4_A_P Pin=U1-63
Added Pin To Net: NetName=ESW_P4_A_P Pin=U3-8
Added Net: Name=ESW_P4_A_P
Added Pin To Net: NetName=ESW_P4_B_N Pin=U1-66
Added Pin To Net: NetName=ESW_P4_B_N Pin=U3-5
Added Net: Name=ESW_P4_B_N
Added Pin To Net: NetName=ESW_P4_B_P Pin=U1-65
Added Pin To Net: NetName=ESW_P4_B_P Pin=U3-6
Added Net: Name=ESW_P4_B_P
Added Pin To Net: NetName=ESW_P4_C_N Pin=U1-68
Added Pin To Net: NetName=ESW_P4_C_N Pin=U3-3
Added Net: Name=ESW_P4_C_N
Added Pin To Net: NetName=ESW_P4_C_P Pin=U1-67
Added Pin To Net: NetName=ESW_P4_C_P Pin=U3-4
Added Net: Name=ESW_P4_C_P
Added Pin To Net: NetName=ESW_P4_D_N Pin=U1-70
Added Pin To Net: NetName=ESW_P4_D_N Pin=U3-1
Added Net: Name=ESW_P4_D_N
Added Pin To Net: NetName=ESW_P4_D_P Pin=U1-69
Added Pin To Net: NetName=ESW_P4_D_P Pin=U3-2
Added Net: Name=ESW_P4_D_P
Added Pin To Net: NetName=ESW_P4_LED_0 Pin=P4-2
Added Pin To Net: NetName=ESW_P4_LED_0 Pin=U1-71
Added Net: Name=ESW_P4_LED_0
Added Pin To Net: NetName=GE_MDC Pin=P4-14
Added Pin To Net: NetName=GE_MDC Pin=U1-83
Added Net: Name=GE_MDC
Added Pin To Net: NetName=GE_MDIO Pin=P4-13
Added Pin To Net: NetName=GE_MDIO Pin=U1-82
Added Net: Name=GE_MDIO
Added Pin To Net: NetName=GE_RXCLK Pin=P4-22
Added Pin To Net: NetName=GE_RXCLK Pin=U1-91
Added Net: Name=GE_RXCLK
Added Pin To Net: NetName=GE_RXD0 Pin=P4-20
Added Pin To Net: NetName=GE_RXD0 Pin=U1-89
Added Net: Name=GE_RXD0
Added Pin To Net: NetName=GE_RXD1 Pin=P4-19
Added Pin To Net: NetName=GE_RXD1 Pin=U1-88
Added Net: Name=GE_RXD1
Added Pin To Net: NetName=GE_RXD2 Pin=P4-18
Added Pin To Net: NetName=GE_RXD2 Pin=U1-87
Added Net: Name=GE_RXD2
Added Pin To Net: NetName=GE_RXD3 Pin=P4-17
Added Pin To Net: NetName=GE_RXD3 Pin=U1-86
Added Net: Name=GE_RXD3
Added Pin To Net: NetName=GE_RXDV Pin=P4-21
Added Pin To Net: NetName=GE_RXDV Pin=U1-90
Added Net: Name=GE_RXDV
Added Pin To Net: NetName=GE_TXCLK Pin=P4-16
Added Pin To Net: NetName=GE_TXCLK Pin=U1-85
Added Net: Name=GE_TXCLK
Added Pin To Net: NetName=GE_TXD0 Pin=P4-11
Added Pin To Net: NetName=GE_TXD0 Pin=U1-80
Added Net: Name=GE_TXD0
Added Pin To Net: NetName=GE_TXD1 Pin=P4-10
Added Pin To Net: NetName=GE_TXD1 Pin=U1-79
Added Net: Name=GE_TXD1
Added Pin To Net: NetName=GE_TXD2 Pin=P4-9
Added Pin To Net: NetName=GE_TXD2 Pin=U1-78
Added Net: Name=GE_TXD2
Added Pin To Net: NetName=GE_TXD3 Pin=P4-8
Added Pin To Net: NetName=GE_TXD3 Pin=U1-77
Added Net: Name=GE_TXD3
Added Pin To Net: NetName=GE_TXEN Pin=P4-15
Added Pin To Net: NetName=GE_TXEN Pin=U1-84
Added Net: Name=GE_TXEN
Added Pin To Net: NetName=GND Pin=C2-2
Added Pin To Net: NetName=GND Pin=C3-2
Added Pin To Net: NetName=GND Pin=C5-2
Added Pin To Net: NetName=GND Pin=C6-1
Added Pin To Net: NetName=GND Pin=C7-1
Added Pin To Net: NetName=GND Pin=C9-2
Added Pin To Net: NetName=GND Pin=C10-2
Added Pin To Net: NetName=GND Pin=J2-A12
Added Pin To Net: NetName=GND Pin=J2-B12
Added Pin To Net: NetName=GND Pin=J8-4
Added Pin To Net: NetName=GND Pin=J9-4
Added Pin To Net: NetName=GND Pin=J9-7
Added Pin To Net: NetName=GND Pin=P1-2
Added Pin To Net: NetName=GND Pin=P1-4
Added Pin To Net: NetName=GND Pin=P3-16
Added Pin To Net: NetName=GND Pin=P3-22
Added Pin To Net: NetName=GND Pin=P4-23
Added Pin To Net: NetName=GND Pin=S1-2
Added Pin To Net: NetName=GND Pin=S1-3
Added Pin To Net: NetName=GND Pin=U1-5
Added Pin To Net: NetName=GND Pin=U1-6
Added Pin To Net: NetName=GND Pin=U1-7
Added Pin To Net: NetName=GND Pin=U1-8
Added Pin To Net: NetName=GND Pin=U1-19
Added Pin To Net: NetName=GND Pin=U1-24
Added Pin To Net: NetName=GND Pin=U1-27
Added Pin To Net: NetName=GND Pin=U1-44
Added Pin To Net: NetName=GND Pin=U1-53
Added Pin To Net: NetName=GND Pin=U1-62
Added Pin To Net: NetName=GND Pin=U1-92
Added Pin To Net: NetName=GND Pin=U1-119
Added Pin To Net: NetName=GND Pin=U1-125
Added Pin To Net: NetName=GND Pin=U2-1
Added Net: Name=GND
Added Pin To Net: NetName=GPIO0 Pin=P4-35
Added Pin To Net: NetName=GPIO0 Pin=U1-104
Added Net: Name=GPIO0
Added Pin To Net: NetName=I2C_CLK Pin=P4-27
Added Pin To Net: NetName=I2C_CLK Pin=U1-96
Added Net: Name=I2C_CLK
Added Pin To Net: NetName=I2C_SDA Pin=P4-28
Added Pin To Net: NetName=I2C_SDA Pin=U1-97
Added Net: Name=I2C_SDA
Added Pin To Net: NetName=JTAG_CLK Pin=P3-17
Added Pin To Net: NetName=JTAG_CLK Pin=U1-124
Added Net: Name=JTAG_CLK
Added Pin To Net: NetName=JTAG_DI Pin=P3-19
Added Pin To Net: NetName=JTAG_DI Pin=U1-122
Added Net: Name=JTAG_DI
Added Pin To Net: NetName=JTAG_DO Pin=P3-20
Added Pin To Net: NetName=JTAG_DO Pin=U1-121
Added Net: Name=JTAG_DO
Added Pin To Net: NetName=JTAG_MS Pin=P3-21
Added Pin To Net: NetName=JTAG_MS Pin=U1-120
Added Net: Name=JTAG_MS
Added Pin To Net: NetName=JTAG_RST Pin=P3-18
Added Pin To Net: NetName=JTAG_RST Pin=U1-123
Added Net: Name=JTAG_RST
Added Pin To Net: NetName=ND_ALE Pin=P3-3
Added Pin To Net: NetName=ND_ALE Pin=U1-138
Added Net: Name=ND_ALE
Added Pin To Net: NetName=ND_CLE Pin=P3-4
Added Pin To Net: NetName=ND_CLE Pin=U1-137
Added Net: Name=ND_CLE
Added Pin To Net: NetName=ND_CS_N Pin=P3-5
Added Pin To Net: NetName=ND_CS_N Pin=U1-136
Added Net: Name=ND_CS_N
Added Pin To Net: NetName=ND_D0 Pin=P3-8
Added Pin To Net: NetName=ND_D0 Pin=U1-133
Added Net: Name=ND_D0
Added Pin To Net: NetName=ND_D1 Pin=P3-9
Added Pin To Net: NetName=ND_D1 Pin=U1-132
Added Net: Name=ND_D1
Added Pin To Net: NetName=ND_D2 Pin=P3-10
Added Pin To Net: NetName=ND_D2 Pin=U1-131
Added Net: Name=ND_D2
Added Pin To Net: NetName=ND_D3 Pin=P3-11
Added Pin To Net: NetName=ND_D3 Pin=U1-130
Added Net: Name=ND_D3
Added Pin To Net: NetName=ND_D4 Pin=P3-12
Added Pin To Net: NetName=ND_D4 Pin=U1-129
Added Net: Name=ND_D4
Added Pin To Net: NetName=ND_D5 Pin=P3-13
Added Pin To Net: NetName=ND_D5 Pin=U1-128
Added Net: Name=ND_D5
Added Pin To Net: NetName=ND_D6 Pin=P3-14
Added Pin To Net: NetName=ND_D6 Pin=U1-127
Added Net: Name=ND_D6
Added Pin To Net: NetName=ND_D7 Pin=P3-15
Added Pin To Net: NetName=ND_D7 Pin=U1-126
Added Net: Name=ND_D7
Added Pin To Net: NetName=ND_RB_N Pin=P3-7
Added Pin To Net: NetName=ND_RB_N Pin=U1-134
Added Net: Name=ND_RB_N
Added Pin To Net: NetName=ND_RE_N Pin=P3-6
Added Pin To Net: NetName=ND_RE_N Pin=U1-135
Added Net: Name=ND_RE_N
Added Pin To Net: NetName=ND_WE_N Pin=P3-2
Added Pin To Net: NetName=ND_WE_N Pin=U1-139
Added Net: Name=ND_WE_N
Added Pin To Net: NetName=ND_WP Pin=P3-1
Added Pin To Net: NetName=ND_WP Pin=U1-140
Added Net: Name=ND_WP
Added Pin To Net: NetName=NetJ3_1 Pin=J3-1
Added Pin To Net: NetName=NetJ3_1 Pin=U3-11
Added Net: Name=NetJ3_1
Added Pin To Net: NetName=NetJ3_2 Pin=J3-2
Added Pin To Net: NetName=NetJ3_2 Pin=U3-12
Added Net: Name=NetJ3_2
Added Pin To Net: NetName=NetJ3_3 Pin=J3-3
Added Pin To Net: NetName=NetJ3_3 Pin=U3-13
Added Net: Name=NetJ3_3
Added Pin To Net: NetName=NetJ3_4 Pin=J3-4
Added Pin To Net: NetName=NetJ3_4 Pin=U3-15
Added Net: Name=NetJ3_4
Added Pin To Net: NetName=NetJ3_5 Pin=J3-5
Added Pin To Net: NetName=NetJ3_5 Pin=U3-16
Added Net: Name=NetJ3_5
Added Pin To Net: NetName=NetJ3_6 Pin=J3-6
Added Pin To Net: NetName=NetJ3_6 Pin=U3-14
Added Net: Name=NetJ3_6
Added Pin To Net: NetName=NetJ3_7 Pin=J3-7
Added Pin To Net: NetName=NetJ3_7 Pin=U3-17
Added Net: Name=NetJ3_7
Added Pin To Net: NetName=NetJ3_8 Pin=J3-8
Added Pin To Net: NetName=NetJ3_8 Pin=U3-18
Added Net: Name=NetJ3_8
Added Pin To Net: NetName=NetJ4_1 Pin=J4-1
Added Pin To Net: NetName=NetJ4_1 Pin=U4-11
Added Net: Name=NetJ4_1
Added Pin To Net: NetName=NetJ4_2 Pin=J4-2
Added Pin To Net: NetName=NetJ4_2 Pin=U4-12
Added Net: Name=NetJ4_2
Added Pin To Net: NetName=NetJ4_3 Pin=J4-3
Added Pin To Net: NetName=NetJ4_3 Pin=U4-13
Added Net: Name=NetJ4_3
Added Pin To Net: NetName=NetJ4_4 Pin=J4-4
Added Pin To Net: NetName=NetJ4_4 Pin=U4-15
Added Net: Name=NetJ4_4
Added Pin To Net: NetName=NetJ4_5 Pin=J4-5
Added Pin To Net: NetName=NetJ4_5 Pin=U4-16
Added Net: Name=NetJ4_5
Added Pin To Net: NetName=NetJ4_6 Pin=J4-6
Added Pin To Net: NetName=NetJ4_6 Pin=U4-14
Added Net: Name=NetJ4_6
Added Pin To Net: NetName=NetJ4_7 Pin=J4-7
Added Pin To Net: NetName=NetJ4_7 Pin=U4-17
Added Net: Name=NetJ4_7
Added Pin To Net: NetName=NetJ4_8 Pin=J4-8
Added Pin To Net: NetName=NetJ4_8 Pin=U4-18
Added Net: Name=NetJ4_8
Added Pin To Net: NetName=NetJ5_1 Pin=J5-1
Added Pin To Net: NetName=NetJ5_1 Pin=U5-11
Added Net: Name=NetJ5_1
Added Pin To Net: NetName=NetJ5_2 Pin=J5-2
Added Pin To Net: NetName=NetJ5_2 Pin=U5-12
Added Net: Name=NetJ5_2
Added Pin To Net: NetName=NetJ5_3 Pin=J5-3
Added Pin To Net: NetName=NetJ5_3 Pin=U5-13
Added Net: Name=NetJ5_3
Added Pin To Net: NetName=NetJ5_4 Pin=J5-4
Added Pin To Net: NetName=NetJ5_4 Pin=U5-15
Added Net: Name=NetJ5_4
Added Pin To Net: NetName=NetJ5_5 Pin=J5-5
Added Pin To Net: NetName=NetJ5_5 Pin=U5-16
Added Net: Name=NetJ5_5
Added Pin To Net: NetName=NetJ5_6 Pin=J5-6
Added Pin To Net: NetName=NetJ5_6 Pin=U5-14
Added Net: Name=NetJ5_6
Added Pin To Net: NetName=NetJ5_7 Pin=J5-7
Added Pin To Net: NetName=NetJ5_7 Pin=U5-17
Added Net: Name=NetJ5_7
Added Pin To Net: NetName=NetJ5_8 Pin=J5-8
Added Pin To Net: NetName=NetJ5_8 Pin=U5-18
Added Net: Name=NetJ5_8
Added Pin To Net: NetName=NetJ6_1 Pin=J6-1
Added Pin To Net: NetName=NetJ6_1 Pin=U6-11
Added Net: Name=NetJ6_1
Added Pin To Net: NetName=NetJ6_2 Pin=J6-2
Added Pin To Net: NetName=NetJ6_2 Pin=U6-12
Added Net: Name=NetJ6_2
Added Pin To Net: NetName=NetJ6_3 Pin=J6-3
Added Pin To Net: NetName=NetJ6_3 Pin=U6-13
Added Net: Name=NetJ6_3
Added Pin To Net: NetName=NetJ6_4 Pin=J6-4
Added Pin To Net: NetName=NetJ6_4 Pin=U6-15
Added Net: Name=NetJ6_4
Added Pin To Net: NetName=NetJ6_5 Pin=J6-5
Added Pin To Net: NetName=NetJ6_5 Pin=U6-16
Added Net: Name=NetJ6_5
Added Pin To Net: NetName=NetJ6_6 Pin=J6-6
Added Pin To Net: NetName=NetJ6_6 Pin=U6-14
Added Net: Name=NetJ6_6
Added Pin To Net: NetName=NetJ6_7 Pin=J6-7
Added Pin To Net: NetName=NetJ6_7 Pin=U6-17
Added Net: Name=NetJ6_7
Added Pin To Net: NetName=NetJ6_8 Pin=J6-8
Added Pin To Net: NetName=NetJ6_8 Pin=U6-18
Added Net: Name=NetJ6_8
Added Pin To Net: NetName=NetJ7_1 Pin=J7-1
Added Pin To Net: NetName=NetJ7_1 Pin=U7-11
Added Net: Name=NetJ7_1
Added Pin To Net: NetName=NetJ7_2 Pin=J7-2
Added Pin To Net: NetName=NetJ7_2 Pin=U7-12
Added Net: Name=NetJ7_2
Added Pin To Net: NetName=NetJ7_3 Pin=J7-3
Added Pin To Net: NetName=NetJ7_3 Pin=U7-13
Added Net: Name=NetJ7_3
Added Pin To Net: NetName=NetJ7_4 Pin=J7-4
Added Pin To Net: NetName=NetJ7_4 Pin=U7-15
Added Net: Name=NetJ7_4
Added Pin To Net: NetName=NetJ7_5 Pin=J7-5
Added Pin To Net: NetName=NetJ7_5 Pin=U7-16
Added Net: Name=NetJ7_5
Added Pin To Net: NetName=NetJ7_6 Pin=J7-6
Added Pin To Net: NetName=NetJ7_6 Pin=U7-14
Added Net: Name=NetJ7_6
Added Pin To Net: NetName=NetJ7_7 Pin=J7-7
Added Pin To Net: NetName=NetJ7_7 Pin=U7-17
Added Net: Name=NetJ7_7
Added Pin To Net: NetName=NetJ7_8 Pin=J7-8
Added Pin To Net: NetName=NetJ7_8 Pin=U7-18
Added Net: Name=NetJ7_8
Added Pin To Net: NetName=PCIE_CK0_N Pin=P3-23
Added Pin To Net: NetName=PCIE_CK0_N Pin=U1-118
Added Net: Name=PCIE_CK0_N
Added Pin To Net: NetName=PCIE_CK0_P Pin=P3-24
Added Pin To Net: NetName=PCIE_CK0_P Pin=U1-117
Added Net: Name=PCIE_CK0_P
Added Pin To Net: NetName=PCIE_CK1_N Pin=P3-31
Added Pin To Net: NetName=PCIE_CK1_N Pin=U1-110
Added Net: Name=PCIE_CK1_N
Added Pin To Net: NetName=PCIE_CK1_P Pin=P3-30
Added Pin To Net: NetName=PCIE_CK1_P Pin=U1-111
Added Net: Name=PCIE_CK1_P
Added Pin To Net: NetName=PCIE_CK2_N Pin=P4-33
Added Pin To Net: NetName=PCIE_CK2_N Pin=U1-102
Added Net: Name=PCIE_CK2_N
Added Pin To Net: NetName=PCIE_CK2_P Pin=P4-34
Added Pin To Net: NetName=PCIE_CK2_P Pin=U1-103
Added Net: Name=PCIE_CK2_P
Added Pin To Net: NetName=PCIE_RX0_N Pin=P3-27
Added Pin To Net: NetName=PCIE_RX0_N Pin=U1-114
Added Net: Name=PCIE_RX0_N
Added Pin To Net: NetName=PCIE_RX0_P Pin=P3-28
Added Pin To Net: NetName=PCIE_RX0_P Pin=U1-113
Added Net: Name=PCIE_RX0_P
Added Pin To Net: NetName=PCIE_RX1_N Pin=P3-32
Added Pin To Net: NetName=PCIE_RX1_N Pin=U1-109
Added Net: Name=PCIE_RX1_N
Added Pin To Net: NetName=PCIE_RX1_P Pin=P3-33
Added Pin To Net: NetName=PCIE_RX1_P Pin=U1-108
Added Net: Name=PCIE_RX1_P
Added Pin To Net: NetName=PCIE_RX2_N Pin=P4-32
Added Pin To Net: NetName=PCIE_RX2_N Pin=U1-101
Added Net: Name=PCIE_RX2_N
Added Pin To Net: NetName=PCIE_RX2_P Pin=P4-31
Added Pin To Net: NetName=PCIE_RX2_P Pin=U1-100
Added Net: Name=PCIE_RX2_P
Added Pin To Net: NetName=PCIE_TX0_N Pin=P3-26
Added Pin To Net: NetName=PCIE_TX0_N Pin=U1-115
Added Net: Name=PCIE_TX0_N
Added Pin To Net: NetName=PCIE_TX0_P Pin=P3-25
Added Pin To Net: NetName=PCIE_TX0_P Pin=U1-116
Added Net: Name=PCIE_TX0_P
Added Pin To Net: NetName=PCIE_TX1_N Pin=P3-34
Added Pin To Net: NetName=PCIE_TX1_N Pin=U1-107
Added Net: Name=PCIE_TX1_N
Added Pin To Net: NetName=PCIE_TX1_P Pin=P3-35
Added Pin To Net: NetName=PCIE_TX1_P Pin=U1-106
Added Net: Name=PCIE_TX1_P
Added Pin To Net: NetName=PCIE_TX2_N Pin=P4-29
Added Pin To Net: NetName=PCIE_TX2_N Pin=U1-98
Added Net: Name=PCIE_TX2_N
Added Pin To Net: NetName=PCIE_TX2_P Pin=P4-30
Added Pin To Net: NetName=PCIE_TX2_P Pin=U1-99
Added Net: Name=PCIE_TX2_P
Added Pin To Net: NetName=PERST_N Pin=P4-36
Added Pin To Net: NetName=PERST_N Pin=U1-105
Added Net: Name=PERST_N
Added Pin To Net: NetName=RESET Pin=P4-26
Added Pin To Net: NetName=RESET Pin=U1-95
Added Net: Name=RESET
Added Pin To Net: NetName=RTS2_N Pin=P2-6
Added Pin To Net: NetName=RTS2_N Pin=U1-14
Added Net: Name=RTS2_N
Added Pin To Net: NetName=RTS3_N Pin=P2-8
Added Pin To Net: NetName=RTS3_N Pin=U1-16
Added Net: Name=RTS3_N
Added Pin To Net: NetName=RXD2 Pin=P2-3
Added Pin To Net: NetName=RXD2 Pin=U1-11
Added Net: Name=RXD2
Added Pin To Net: NetName=RXD3 Pin=P2-5
Added Pin To Net: NetName=RXD3 Pin=U1-13
Added Net: Name=RXD3
Added Pin To Net: NetName=TXD2 Pin=P2-2
Added Pin To Net: NetName=TXD2 Pin=U1-10
Added Net: Name=TXD2
Added Pin To Net: NetName=TXD3 Pin=P2-4
Added Pin To Net: NetName=TXD3 Pin=U1-12
Added Net: Name=TXD3
Added Pin To Net: NetName=USB2_N Pin=J8-2
Added Pin To Net: NetName=USB2_N Pin=U1-18
Added Net: Name=USB2_N
Added Pin To Net: NetName=USB2_P Pin=J8-3
Added Pin To Net: NetName=USB2_P Pin=U1-17
Added Net: Name=USB2_P
Added Pin To Net: NetName=USB3_N Pin=J9-2
Added Pin To Net: NetName=USB3_N Pin=U1-26
Added Net: Name=USB3_N
Added Pin To Net: NetName=USB3_P Pin=J9-3
Added Pin To Net: NetName=USB3_P Pin=U1-25
Added Net: Name=USB3_P
Added Pin To Net: NetName=USB3_SS_RX_N Pin=J9-5
Added Pin To Net: NetName=USB3_SS_RX_N Pin=U1-23
Added Net: Name=USB3_SS_RX_N
Added Pin To Net: NetName=USB3_SS_RX_P Pin=J9-6
Added Pin To Net: NetName=USB3_SS_RX_P Pin=U1-22
Added Net: Name=USB3_SS_RX_P
Added Pin To Net: NetName=USB3_SS_TX_N Pin=J9-8
Added Pin To Net: NetName=USB3_SS_TX_N Pin=U1-21
Added Net: Name=USB3_SS_TX_N
Added Pin To Net: NetName=USB3_SS_TX_P Pin=J9-9
Added Pin To Net: NetName=USB3_SS_TX_P Pin=U1-20
Added Net: Name=USB3_SS_TX_P
Added Pin To Net: NetName=WPS Pin=P3-29
Added Pin To Net: NetName=WPS Pin=S1-1
Added Pin To Net: NetName=WPS Pin=U1-112
Added Net: Name=WPS
Added Class: Name=Sheet
Added Differential Pair: Name=PCIE_CK0
Added Differential Pair: Name=PCIE_CK1
Added Differential Pair: Name=PCIE_CK2
Added Differential Pair: Name=PCIE_RX0
Added Differential Pair: Name=PCIE_RX1
Added Differential Pair: Name=PCIE_RX2
Added Differential Pair: Name=PCIE_TX0
Added Differential Pair: Name=PCIE_TX1
Added Differential Pair: Name=PCIE_TX2
Added Differential Pair: Name=USB2
Added Differential Pair: Name=USB3_SS_RX
Added Differential Pair: Name=USB3_SS_TX
Added Differential Pair: Name=USB3
Added Room: Name=Sheet
