Removed Pin From Net: NetName=GND Pin=J6-5
Removed Pin From Net: NetName=GND Pin=J6-6
Removed Pin From Net: NetName=GND Pin=J6-7
Removed Pin From Net: NetName=GND Pin=J6-8
Removed Pin From Net: NetName=GND Pin=J7-S_1
Removed Pin From Net: NetName=GND Pin=J7-S_2
Removed Pin From Net: NetName=GND Pin=J7-S_3
Removed Pin From Net: NetName=GND Pin=J7-S_4
Change Component Designator: OldDesignator=P2 NewDesignator=P3
Change Component Designator: OldDesignator=P3 NewDesignator=P4
Change Component Designator: OldDesignator=P4 NewDesignator=P5
Added Component: Designator=P2(HDR2X2)
Add component. Clean all parameters for all variants
Add component (AddParameter): Name = "LatestRevisionDate"; Value = "17-Jul-2002"; VariantName = "[No Variations]"
Add component (AddParameter): Name = "LatestRevisionNote"; Value = "Re-released for DXP Platform."; VariantName = "[No Variations]"
Add component (AddParameter): Name = "Publisher"; Value = "Altium Limited"; VariantName = "[No Variations]"
Added Pin To Net: NetName=5VD Pin=P2-1
Added Pin To Net: NetName=GND Pin=P2-2
Added Pin To Net: NetName=3V3 Pin=P2-3
Added Pin To Net: NetName=GND Pin=P2-4
Added Member To Class: ClassName=Sheet Member=Component P5 Header 18X2
Added Room: Name=Sheet
