Removed Pin From Net: NetName=5VD Pin=P3-1
Removed Pin From Net: NetName=3V3 Pin=P3-2
Removed Pin From Net: NetName=GND Pin=P3-3
Removed Pin From Net: NetName=PCIE_CK0_P Pin=P3-4
Removed Pin From Net: NetName=PCIE_CK0_M Pin=P3-5
Removed Pin From Net: NetName=PCIE_TX0_P Pin=P3-6
Removed Pin From Net: NetName=PCIE_TX0_M Pin=P3-7
Removed Pin From Net: NetName=PCIE_RXP0 Pin=P3-8
Removed Pin From Net: NetName=PCIE_RXN0 Pin=P3-9
Removed Pin From Net: NetName=5VD Pin=P3-10
Removed Pin From Net: NetName=3V3 Pin=P3-11
Removed Pin From Net: NetName=GND Pin=P3-12
Removed Pin From Net: NetName=PCIE_CK1_P Pin=P3-13
Removed Pin From Net: NetName=PCIE_CK1_M Pin=P3-14
Removed Pin From Net: NetName=PCIE_TX1_P Pin=P3-15
Removed Pin From Net: NetName=PCIE_TX1_M Pin=P3-16
Removed Pin From Net: NetName=PCIE_RXP1 Pin=P3-17
Removed Pin From Net: NetName=PCIE_RXN1 Pin=P3-18
Removed Pin From Net: NetName=5VD Pin=P4-1
Removed Pin From Net: NetName=3V3 Pin=P4-2
Removed Pin From Net: NetName=GND Pin=P4-3
Removed Pin From Net: NetName=PCIE_CK2_P Pin=P4-4
Removed Pin From Net: NetName=PCIE_CK2_M Pin=P4-5
Removed Pin From Net: NetName=PCIE_TX2_P Pin=P4-6
Removed Pin From Net: NetName=PCIE_TX2_M Pin=P4-7
Removed Pin From Net: NetName=PCIE_RXP2 Pin=P4-8
Removed Pin From Net: NetName=PCIE_RXN2 Pin=P4-9
Change Component Footprint: Designator=P4 Old Footprint=HDR1X9 New Footprint=HDR2X5_CEN
Change Component Footprint: Designator=P3 Old Footprint=HDR2X9_CEN New Footprint=HDR2X5_CEN
Change Component Comment : Designator=P4 Old Comment=Header 9 New Comment=Header 5X2A
Change Component Comment : Designator=P3 Old Comment=Header 9X2A New Comment=Header 5X2A
Added Component: Designator=P5(HDR2X5_CEN)
Add component. Clean all parameters for all variants
Add component (AddParameter): Name = "LatestRevisionDate"; Value = "17-Jul-2002"; VariantName = "[No Variations]"
Add component (AddParameter): Name = "LatestRevisionNote"; Value = "Re-released for DXP Platform."; VariantName = "[No Variations]"
Add component (AddParameter): Name = "Publisher"; Value = "Altium Limited"; VariantName = "[No Variations]"
Added Pin To Net: NetName=3V3 Pin=P3-1
Added Pin To Net: NetName=PCIE_CK0_P Pin=P3-2
Added Pin To Net: NetName=PCIE_CK0_M Pin=P3-3
Added Pin To Net: NetName=PCIE_TX0_P Pin=P3-4
Added Pin To Net: NetName=PCIE_TX0_M Pin=P3-5
Added Pin To Net: NetName=5VD Pin=P3-6
Added Pin To Net: NetName=PCIE_RXP0 Pin=P3-7
Added Pin To Net: NetName=PCIE_RXN0 Pin=P3-8
Added Pin To Net: NetName=GND Pin=P3-9
Added Pin To Net: NetName=GND Pin=P3-10
Added Pin To Net: NetName=3V3 Pin=P4-1
Added Pin To Net: NetName=PCIE_CK1_P Pin=P4-2
Added Pin To Net: NetName=PCIE_CK1_M Pin=P4-3
Added Pin To Net: NetName=PCIE_TX1_P Pin=P4-4
Added Pin To Net: NetName=PCIE_TX1_M Pin=P4-5
Added Pin To Net: NetName=5VD Pin=P4-6
Added Pin To Net: NetName=PCIE_RXP1 Pin=P4-7
Added Pin To Net: NetName=PCIE_RXN1 Pin=P4-8
Added Pin To Net: NetName=GND Pin=P4-9
Added Pin To Net: NetName=GND Pin=P4-10
Added Pin To Net: NetName=3V3 Pin=P5-1
Added Pin To Net: NetName=PCIE_CK2_P Pin=P5-2
Added Pin To Net: NetName=PCIE_CK2_M Pin=P5-3
Added Pin To Net: NetName=PCIE_TX2_P Pin=P5-4
Added Pin To Net: NetName=PCIE_TX2_M Pin=P5-5
Added Pin To Net: NetName=5VD Pin=P5-6
Added Pin To Net: NetName=PCIE_RXP2 Pin=P5-7
Added Pin To Net: NetName=PCIE_RXN2 Pin=P5-8
Added Pin To Net: NetName=GND Pin=P5-9
Added Pin To Net: NetName=GND Pin=P5-10
Added Member To Class: ClassName=Sheet Member=Component P5 Header 5X2A
Added Room: Name=Sheet
