Added Component: Designator=U5(NAND_SLC_48P)
Add component. Clean all parameters for all variants
Added Pin To Net: NetName=GND Pin=U5-13
Added Pin To Net: NetName=GND Pin=U5-25
Added Pin To Net: NetName=GND Pin=U5-36
Added Pin To Net: NetName=GND Pin=U5-48
Added Pin To Net: NetName=NetU1_126 Pin=U1-126
Added Pin To Net: NetName=NetU1_126 Pin=U5-44
Added Net: Name=NetU1_126
Added Pin To Net: NetName=NetU1_127 Pin=U1-127
Added Pin To Net: NetName=NetU1_127 Pin=U5-43
Added Net: Name=NetU1_127
Added Pin To Net: NetName=NetU1_128 Pin=U1-128
Added Pin To Net: NetName=NetU1_128 Pin=U5-42
Added Net: Name=NetU1_128
Added Pin To Net: NetName=NetU1_129 Pin=U1-129
Added Pin To Net: NetName=NetU1_129 Pin=U5-41
Added Net: Name=NetU1_129
Added Pin To Net: NetName=NetU1_130 Pin=U1-130
Added Pin To Net: NetName=NetU1_130 Pin=U5-32
Added Net: Name=NetU1_130
Added Pin To Net: NetName=NetU1_131 Pin=U1-131
Added Pin To Net: NetName=NetU1_131 Pin=U5-31
Added Net: Name=NetU1_131
Added Pin To Net: NetName=NetU1_132 Pin=U1-132
Added Pin To Net: NetName=NetU1_132 Pin=U5-30
Added Net: Name=NetU1_132
Added Pin To Net: NetName=NetU1_133 Pin=U1-133
Added Pin To Net: NetName=NetU1_133 Pin=U5-29
Added Net: Name=NetU1_133
Added Pin To Net: NetName=NetU1_134 Pin=U1-134
Added Pin To Net: NetName=NetU1_134 Pin=U5-7
Added Net: Name=NetU1_134
Added Pin To Net: NetName=NetU1_135 Pin=U1-135
Added Pin To Net: NetName=NetU1_135 Pin=U5-8
Added Net: Name=NetU1_135
Added Pin To Net: NetName=NetU1_136 Pin=U1-136
Added Pin To Net: NetName=NetU1_136 Pin=U5-9
Added Net: Name=NetU1_136
Added Pin To Net: NetName=NetU1_137 Pin=U1-137
Added Pin To Net: NetName=NetU1_137 Pin=U5-16
Added Net: Name=NetU1_137
Added Pin To Net: NetName=NetU1_138 Pin=U1-138
Added Pin To Net: NetName=NetU1_138 Pin=U5-17
Added Net: Name=NetU1_138
Added Pin To Net: NetName=NetU1_139 Pin=U1-139
Added Pin To Net: NetName=NetU1_139 Pin=U5-18
Added Net: Name=NetU1_139
Added Pin To Net: NetName=NetU1_140 Pin=U1-140
Added Pin To Net: NetName=NetU1_140 Pin=U5-19
Added Net: Name=NetU1_140
Added Pin To Net: NetName=NetU5_34 Pin=U5-34
Added Pin To Net: NetName=NetU5_34 Pin=U5-37
Added Pin To Net: NetName=NetU5_34 Pin=U5-39
Added Net: Name=NetU5_34
Added Member To Class: ClassName=Sheet Member=Component J10 MINI_PCIE
Added Member To Class: ClassName=Sheet Member=Component U5 NAND_SLC_48P
Added Room: Name=Sheet
