Removed Pin From Net: NetName=UART0_RXD Pin=U1-93
Removed Pin From Net: NetName=UART0_TXD Pin=U1-94
Added Component: Designator=P1(HDR2X4_CEN)
Add component. Clean all parameters for all variants
Add component (AddParameter): Name = "LatestRevisionDate"; Value = "17-Jul-2002"; VariantName = "[No Variations]"
Add component (AddParameter): Name = "LatestRevisionNote"; Value = "Re-released for DXP Platform."; VariantName = "[No Variations]"
Add component (AddParameter): Name = "Publisher"; Value = "Altium Limited"; VariantName = "[No Variations]"
Added Component: Designator=P2(HDR1X5)
Add component. Clean all parameters for all variants
Add component (AddParameter): Name = "LatestRevisionDate"; Value = "17-Jul-2002"; VariantName = "[No Variations]"
Add component (AddParameter): Name = "LatestRevisionNote"; Value = "Re-released for DXP Platform."; VariantName = "[No Variations]"
Add component (AddParameter): Name = "Publisher"; Value = "Altium Limited"; VariantName = "[No Variations]"
Added Component: Designator=P3(HDR1X9)
Add component. Clean all parameters for all variants
Add component (AddParameter): Name = "LatestRevisionDate"; Value = "17-Jul-2002"; VariantName = "[No Variations]"
Add component (AddParameter): Name = "LatestRevisionNote"; Value = "Re-released for DXP Platform."; VariantName = "[No Variations]"
Add component (AddParameter): Name = "Publisher"; Value = "Altium Limited"; VariantName = "[No Variations]"
Added Component: Designator=P4(HDR1X9)
Add component. Clean all parameters for all variants
Add component (AddParameter): Name = "LatestRevisionDate"; Value = "17-Jul-2002"; VariantName = "[No Variations]"
Add component (AddParameter): Name = "LatestRevisionNote"; Value = "Re-released for DXP Platform."; VariantName = "[No Variations]"
Add component (AddParameter): Name = "Publisher"; Value = "Altium Limited"; VariantName = "[No Variations]"
Added Component: Designator=P5(HDR1X9)
Add component. Clean all parameters for all variants
Add component (AddParameter): Name = "LatestRevisionDate"; Value = "17-Jul-2002"; VariantName = "[No Variations]"
Add component (AddParameter): Name = "LatestRevisionNote"; Value = "Re-released for DXP Platform."; VariantName = "[No Variations]"
Add component (AddParameter): Name = "Publisher"; Value = "Altium Limited"; VariantName = "[No Variations]"
Added Pin To Net: NetName=TXD2 Pin=P1-1
Added Pin To Net: NetName=RXD2 Pin=P1-2
Added Pin To Net: NetName=RTS2_N Pin=P1-3
Added Pin To Net: NetName=CTS2_N Pin=P1-4
Added Pin To Net: NetName=TXD3 Pin=P1-5
Added Pin To Net: NetName=RXD3 Pin=P1-6
Added Pin To Net: NetName=RTS3_N Pin=P1-7
Added Pin To Net: NetName=CTS3_N Pin=P1-8
Added Pin To Net: NetName=JTAG_CLK Pin=P2-1
Added Pin To Net: NetName=JTAG_RST Pin=P2-2
Added Pin To Net: NetName=JTAG_DI Pin=P2-3
Added Pin To Net: NetName=JTAG_DO Pin=P2-4
Added Pin To Net: NetName=JTAG_MS Pin=P2-5
Added Pin To Net: NetName=5VD Pin=P3-1
Added Pin To Net: NetName=3V3 Pin=P3-2
Added Pin To Net: NetName=GND Pin=P3-3
Added Pin To Net: NetName=5VD Pin=P4-1
Added Pin To Net: NetName=3V3 Pin=P4-2
Added Pin To Net: NetName=GND Pin=P4-3
Added Pin To Net: NetName=5VD Pin=P5-1
Added Pin To Net: NetName=3V3 Pin=P5-2
Added Pin To Net: NetName=GND Pin=P5-3
Added Pin To Net: NetName=UART0_TXD Pin=P5-6
Added Pin To Net: NetName=UART0_RXD Pin=P5-7
Added Pin To Net: NetName=CH340_TX Pin=U1-93
Added Pin To Net: NetName=CH340_RX Pin=U1-94
Added Pin To Net: NetName=UART0_RXD Pin=U1-98
Added Pin To Net: NetName=UART0_TXD Pin=U1-99
Change Net Name : Old Net Name=UART0_RXD New Net Name=PCIE_TX2_M
Change Net Name : Old Net Name=UART0_TXD New Net Name=PCIE_TX2_P
Added Pin To Net: NetName=PCIE_CK0_M Pin=P3-5
Added Pin To Net: NetName=PCIE_CK0_M Pin=U1-118
Added Net: Name=PCIE_CK0_M
Added Pin To Net: NetName=PCIE_CK0_P Pin=P3-4
Added Pin To Net: NetName=PCIE_CK0_P Pin=U1-117
Added Net: Name=PCIE_CK0_P
Added Pin To Net: NetName=PCIE_CK1_M Pin=P4-5
Added Pin To Net: NetName=PCIE_CK1_M Pin=U1-110
Added Net: Name=PCIE_CK1_M
Added Pin To Net: NetName=PCIE_CK1_P Pin=P4-4
Added Pin To Net: NetName=PCIE_CK1_P Pin=U1-111
Added Net: Name=PCIE_CK1_P
Added Pin To Net: NetName=PCIE_CK2_M Pin=P5-5
Added Pin To Net: NetName=PCIE_CK2_M Pin=U1-102
Added Net: Name=PCIE_CK2_M
Added Pin To Net: NetName=PCIE_CK2_P Pin=P5-4
Added Pin To Net: NetName=PCIE_CK2_P Pin=U1-103
Added Net: Name=PCIE_CK2_P
Added Pin To Net: NetName=PCIE_RXN0 Pin=P3-9
Added Pin To Net: NetName=PCIE_RXN0 Pin=U1-114
Added Net: Name=PCIE_RXN0
Added Pin To Net: NetName=PCIE_RXN1 Pin=P4-9
Added Pin To Net: NetName=PCIE_RXN1 Pin=U1-109
Added Net: Name=PCIE_RXN1
Added Pin To Net: NetName=PCIE_RXN2 Pin=P5-9
Added Pin To Net: NetName=PCIE_RXN2 Pin=U1-101
Added Net: Name=PCIE_RXN2
Added Pin To Net: NetName=PCIE_RXP0 Pin=P3-8
Added Pin To Net: NetName=PCIE_RXP0 Pin=U1-113
Added Net: Name=PCIE_RXP0
Added Pin To Net: NetName=PCIE_RXP1 Pin=P4-8
Added Pin To Net: NetName=PCIE_RXP1 Pin=U1-108
Added Net: Name=PCIE_RXP1
Added Pin To Net: NetName=PCIE_RXP2 Pin=P5-8
Added Pin To Net: NetName=PCIE_RXP2 Pin=U1-100
Added Net: Name=PCIE_RXP2
Added Pin To Net: NetName=PCIE_TX0_M Pin=P3-7
Added Pin To Net: NetName=PCIE_TX0_M Pin=U1-115
Added Net: Name=PCIE_TX0_M
Added Pin To Net: NetName=PCIE_TX0_P Pin=P3-6
Added Pin To Net: NetName=PCIE_TX0_P Pin=U1-116
Added Net: Name=PCIE_TX0_P
Added Pin To Net: NetName=PCIE_TX1_M Pin=P4-7
Added Pin To Net: NetName=PCIE_TX1_M Pin=U1-107
Added Net: Name=PCIE_TX1_M
Added Pin To Net: NetName=PCIE_TX1_P Pin=P4-6
Added Pin To Net: NetName=PCIE_TX1_P Pin=U1-106
Added Net: Name=PCIE_TX1_P
Added Member To Class: ClassName=Sheet Member=Component P1 Header 4X2A
Added Member To Class: ClassName=Sheet Member=Component P2 Header 5
Added Member To Class: ClassName=Sheet Member=Component P3 Header 9
Added Member To Class: ClassName=Sheet Member=Component P4 Header 9
Added Member To Class: ClassName=Sheet Member=Component P5 Header 9
Added Room: Name=Sheet
