Added Component: Designator=J1(RJ45_HR911130)
Add component. Clean all parameters for all variants
Added Component: Designator=J4(RJ45_HR911130)
Add component. Clean all parameters for all variants
Added Component: Designator=J5(RJ45_HR911130)
Add component. Clean all parameters for all variants
Added Component: Designator=J6(RJ45_HR911130)
Add component. Clean all parameters for all variants
Added Component: Designator=J7(RJ45_HR911130)
Add component. Clean all parameters for all variants
Added Pin To Net: NetName=NetC4_1 Pin=J1-1
Added Pin To Net: NetName=NetJ1_2 Pin=J1-2
Added Pin To Net: NetName=NetJ1_3 Pin=J1-3
Added Pin To Net: NetName=NetJ1_4 Pin=J1-4
Added Pin To Net: NetName=NetJ1_5 Pin=J1-5
Added Pin To Net: NetName=NetJ1_6 Pin=J1-6
Added Pin To Net: NetName=NetJ1_7 Pin=J1-7
Added Pin To Net: NetName=NetJ1_8 Pin=J1-8
Added Pin To Net: NetName=NetJ1_9 Pin=J1-9
Added Pin To Net: NetName=GND Pin=J1-10
Added Pin To Net: NetName=NetC8_1 Pin=J4-1
Added Pin To Net: NetName=NetJ4_2 Pin=J4-2
Added Pin To Net: NetName=NetJ4_3 Pin=J4-3
Added Pin To Net: NetName=NetJ4_4 Pin=J4-4
Added Pin To Net: NetName=NetJ4_5 Pin=J4-5
Added Pin To Net: NetName=NetJ4_6 Pin=J4-6
Added Pin To Net: NetName=NetJ4_7 Pin=J4-7
Added Pin To Net: NetName=NetJ4_8 Pin=J4-8
Added Pin To Net: NetName=NetJ4_9 Pin=J4-9
Added Pin To Net: NetName=GND Pin=J4-10
Added Pin To Net: NetName=NetC13_1 Pin=J5-1
Added Pin To Net: NetName=NetJ5_2 Pin=J5-2
Added Pin To Net: NetName=NetJ5_3 Pin=J5-3
Added Pin To Net: NetName=NetJ5_4 Pin=J5-4
Added Pin To Net: NetName=NetJ5_5 Pin=J5-5
Added Pin To Net: NetName=NetJ5_6 Pin=J5-6
Added Pin To Net: NetName=NetJ5_7 Pin=J5-7
Added Pin To Net: NetName=NetJ5_8 Pin=J5-8
Added Pin To Net: NetName=NetJ5_9 Pin=J5-9
Added Pin To Net: NetName=GND Pin=J5-10
Added Pin To Net: NetName=GND Pin=J5-12
Added Pin To Net: NetName=GND Pin=J5-14
Added Pin To Net: NetName=NetC14_2 Pin=J6-1
Added Pin To Net: NetName=NetJ6_2 Pin=J6-2
Added Pin To Net: NetName=NetJ6_3 Pin=J6-3
Added Pin To Net: NetName=NetJ6_4 Pin=J6-4
Added Pin To Net: NetName=NetJ6_5 Pin=J6-5
Added Pin To Net: NetName=NetJ6_6 Pin=J6-6
Added Pin To Net: NetName=NetJ6_7 Pin=J6-7
Added Pin To Net: NetName=NetJ6_8 Pin=J6-8
Added Pin To Net: NetName=NetJ6_9 Pin=J6-9
Added Pin To Net: NetName=GND Pin=J6-10
Added Pin To Net: NetName=GND Pin=J6-12
Added Pin To Net: NetName=GND Pin=J6-14
Added Pin To Net: NetName=NetC15_1 Pin=J7-1
Added Pin To Net: NetName=NetJ7_2 Pin=J7-2
Added Pin To Net: NetName=NetJ7_3 Pin=J7-3
Added Pin To Net: NetName=NetJ7_4 Pin=J7-4
Added Pin To Net: NetName=NetJ7_5 Pin=J7-5
Added Pin To Net: NetName=NetJ7_6 Pin=J7-6
Added Pin To Net: NetName=NetJ7_7 Pin=J7-7
Added Pin To Net: NetName=NetJ7_8 Pin=J7-8
Added Pin To Net: NetName=NetJ7_9 Pin=J7-9
Added Pin To Net: NetName=GND Pin=J7-10
Added Member To Class: ClassName=Sheet Member=Component J1 RJ45_HR911130
Added Member To Class: ClassName=Sheet Member=Component J4 RJ45_HR911130
Added Member To Class: ClassName=Sheet Member=Component J5 RJ45_HR911130
Added Member To Class: ClassName=Sheet Member=Component J6 RJ45_HR911130
Added Member To Class: ClassName=Sheet Member=Component J7 RJ45_HR911130
Added Room: Name=Sheet
