Removed Pin From Net: NetName=ND_RB_N Pin=U5-7
Removed Pin From Net: NetName=ND_RE_N Pin=U5-8
Removed Pin From Net: NetName=ND_CS_N Pin=U5-9
Removed Pin From Net: NetName=3V3 Pin=U5-12
Removed Pin From Net: NetName=GND Pin=U5-13
Removed Pin From Net: NetName=ND_CLE Pin=U5-16
Removed Pin From Net: NetName=ND_ALE Pin=U5-17
Removed Pin From Net: NetName=ND_WE_N Pin=U5-18
Removed Pin From Net: NetName=ND_WP Pin=U5-19
Removed Pin From Net: NetName=GND Pin=U5-25
Removed Pin From Net: NetName=ND_D0 Pin=U5-29
Removed Pin From Net: NetName=ND_D1 Pin=U5-30
Removed Pin From Net: NetName=ND_D2 Pin=U5-31
Removed Pin From Net: NetName=ND_D3 Pin=U5-32
Removed Pin From Net: NetName=3V3 Pin=U5-34
Removed Pin From Net: NetName=GND Pin=U5-36
Removed Pin From Net: NetName=3V3 Pin=U5-37
Removed Pin From Net: NetName=3V3 Pin=U5-39
Removed Pin From Net: NetName=ND_D4 Pin=U5-41
Removed Pin From Net: NetName=ND_D5 Pin=U5-42
Removed Pin From Net: NetName=ND_D6 Pin=U5-43
Removed Pin From Net: NetName=ND_D7 Pin=U5-44
Removed Pin From Net: NetName=GND Pin=U5-48
Removed Member From Class: ClassName=Sheet Member=U5
Added Room: Name=Sheet
