Added Component: Designator=C?(C0603)
Add component. Clean all parameters for all variants
Add component (AddParameter): Name = "LatestRevisionDate"; Value = "17-Jul-2002"; VariantName = "[No Variations]"
Add component (AddParameter): Name = "LatestRevisionNote"; Value = "Re-released for DXP Platform."; VariantName = "[No Variations]"
Add component (AddParameter): Name = "PackageDescription"; Value = "Radial Cap, Thru-Hole; 2 Leads; 0.3 in Pin Spacing"; VariantName = "[No Variations]"
Add component (AddParameter): Name = "PackageReference"; Value = "RAD-0.3"; VariantName = "[No Variations]"
Add component (AddParameter): Name = "Published"; Value = "8-Jun-2000"; VariantName = "[No Variations]"
Add component (AddParameter): Name = "Publisher"; Value = "Altium Limited"; VariantName = "[No Variations]"
Add component (AddParameter): Name = "Value"; Value = "0.1uF"; VariantName = "[No Variations]"
Added Pin To Net: NetName=GND Pin=C?-1
Added Pin To Net: NetName=NetC?_2 Pin=C?-2
Added Net: Name=NetC?_2
Added Net: Name=NetJ6_2
Added Net: Name=NetJ6_3
Added Net: Name=NetJ6_4
Added Net: Name=NetJ6_5
Added Net: Name=NetJ6_6
Added Net: Name=NetJ6_7
Added Net: Name=NetJ6_8
Added Net: Name=NetJ6_9
Added Pin To Net: NetName=NetU1_77 Pin=U1-77
Added Net: Name=NetU1_77
Added Pin To Net: NetName=NetU1_78 Pin=U1-78
Added Net: Name=NetU1_78
Added Pin To Net: NetName=NetU1_79 Pin=U1-79
Added Net: Name=NetU1_79
Added Pin To Net: NetName=NetU1_80 Pin=U1-80
Added Net: Name=NetU1_80
Added Pin To Net: NetName=NetU1_82 Pin=U1-82
Added Net: Name=NetU1_82
Added Pin To Net: NetName=NetU1_83 Pin=U1-83
Added Net: Name=NetU1_83
Added Pin To Net: NetName=NetU1_86 Pin=U1-86
Added Net: Name=NetU1_86
Added Pin To Net: NetName=NetU1_87 Pin=U1-87
Added Net: Name=NetU1_87
Added Pin To Net: NetName=NetU1_88 Pin=U1-88
Added Net: Name=NetU1_88
Added Pin To Net: NetName=NetU1_89 Pin=U1-89
Added Net: Name=NetU1_89
Added Member To Class: ClassName=Sheet Member=Component C? Cap
Added Room: Name=Sheet
