Change Component Designator: OldDesignator=C? NewDesignator=C18
Added Component: Designator=U6(RTL8211F)
Add component. Clean all parameters for all variants
Added Pin To Net: NetName=NetJ6_2 Pin=U6-1
Added Pin To Net: NetName=NetJ6_3 Pin=U6-2
Added Pin To Net: NetName=NetJ6_4 Pin=U6-4
Added Pin To Net: NetName=NetJ6_7 Pin=U6-5
Added Pin To Net: NetName=NetJ6_5 Pin=U6-6
Added Pin To Net: NetName=NetJ6_6 Pin=U6-7
Added Pin To Net: NetName=NetJ6_8 Pin=U6-9
Added Pin To Net: NetName=NetJ6_9 Pin=U6-10
Added Pin To Net: NetName=NetU1_83 Pin=U6-13
Added Pin To Net: NetName=NetU1_82 Pin=U6-14
Added Pin To Net: NetName=NetU1_86 Pin=U6-15
Added Pin To Net: NetName=NetU1_87 Pin=U6-16
Added Pin To Net: NetName=NetU1_88 Pin=U6-17
Added Pin To Net: NetName=NetU1_89 Pin=U6-18
Added Pin To Net: NetName=NetU1_77 Pin=U6-22
Added Pin To Net: NetName=NetU1_78 Pin=U6-23
Added Pin To Net: NetName=NetU1_79 Pin=U6-24
Added Pin To Net: NetName=NetU1_80 Pin=U6-25
Added Pin To Net: NetName=NetC18_2 Pin=C18-2
Added Net: Name=NetC18_2
Added Member To Class: ClassName=Sheet Member=Component U6 RTL8211F
Added Room: Name=Sheet
