Added Component: Designator=J7(usb3.0_double)
Add component. Clean all parameters for all variants
Added Component: Designator=S1(SW_PB)
Add component. Clean all parameters for all variants
Added Pin To Net: NetName=NetC4_1 Pin=C4-1
Added Pin To Net: NetName=GND Pin=C4-2
Added Pin To Net: NetName=NetC8_1 Pin=C8-1
Added Pin To Net: NetName=GND Pin=C8-2
Added Pin To Net: NetName=NetC13_1 Pin=C13-1
Added Pin To Net: NetName=GND Pin=C13-2
Added Pin To Net: NetName=GND Pin=C14-1
Added Pin To Net: NetName=NetC14_2 Pin=C14-2
Added Pin To Net: NetName=NetC15_1 Pin=C15-1
Added Pin To Net: NetName=GND Pin=C15-2
Added Pin To Net: NetName=GND Pin=C16-1
Added Pin To Net: NetName=5V Pin=C16-2
Added Pin To Net: NetName=5V Pin=C17-1
Added Pin To Net: NetName=GND Pin=C17-2
Added Pin To Net: NetName=NetC4_1 Pin=J1-1
Added Pin To Net: NetName=NetJ1_2 Pin=J1-2
Added Pin To Net: NetName=NetJ1_3 Pin=J1-3
Added Pin To Net: NetName=NetJ1_4 Pin=J1-4
Added Pin To Net: NetName=NetJ1_5 Pin=J1-5
Added Pin To Net: NetName=NetJ1_6 Pin=J1-6
Added Pin To Net: NetName=NetJ1_7 Pin=J1-7
Added Pin To Net: NetName=NetJ1_8 Pin=J1-8
Added Pin To Net: NetName=NetJ1_9 Pin=J1-9
Added Pin To Net: NetName=GND Pin=J1-10
Added Pin To Net: NetName=GND Pin=J1-12
Added Pin To Net: NetName=GND Pin=J1-14
Added Pin To Net: NetName=NetC8_1 Pin=J2-1
Added Pin To Net: NetName=NetJ2_2 Pin=J2-2
Added Pin To Net: NetName=NetJ2_3 Pin=J2-3
Added Pin To Net: NetName=NetJ2_4 Pin=J2-4
Added Pin To Net: NetName=NetJ2_5 Pin=J2-5
Added Pin To Net: NetName=NetJ2_6 Pin=J2-6
Added Pin To Net: NetName=NetJ2_7 Pin=J2-7
Added Pin To Net: NetName=NetJ2_8 Pin=J2-8
Added Pin To Net: NetName=NetJ2_9 Pin=J2-9
Added Pin To Net: NetName=GND Pin=J2-10
Added Pin To Net: NetName=GND Pin=J2-12
Added Pin To Net: NetName=GND Pin=J2-14
Added Pin To Net: NetName=NetC15_1 Pin=J3-1
Added Pin To Net: NetName=NetJ3_2 Pin=J3-2
Added Pin To Net: NetName=NetJ3_3 Pin=J3-3
Added Pin To Net: NetName=NetJ3_4 Pin=J3-4
Added Pin To Net: NetName=NetJ3_5 Pin=J3-5
Added Pin To Net: NetName=NetJ3_6 Pin=J3-6
Added Pin To Net: NetName=NetJ3_7 Pin=J3-7
Added Pin To Net: NetName=NetJ3_8 Pin=J3-8
Added Pin To Net: NetName=NetJ3_9 Pin=J3-9
Added Pin To Net: NetName=GND Pin=J3-10
Added Pin To Net: NetName=GND Pin=J3-12
Added Pin To Net: NetName=GND Pin=J3-14
Added Pin To Net: NetName=NetC14_2 Pin=J4-1
Added Pin To Net: NetName=NetJ4_2 Pin=J4-2
Added Pin To Net: NetName=NetJ4_3 Pin=J4-3
Added Pin To Net: NetName=NetJ4_4 Pin=J4-4
Added Pin To Net: NetName=NetJ4_5 Pin=J4-5
Added Pin To Net: NetName=NetJ4_6 Pin=J4-6
Added Pin To Net: NetName=NetJ4_7 Pin=J4-7
Added Pin To Net: NetName=NetJ4_8 Pin=J4-8
Added Pin To Net: NetName=NetJ4_9 Pin=J4-9
Added Pin To Net: NetName=GND Pin=J4-10
Added Pin To Net: NetName=GND Pin=J4-12
Added Pin To Net: NetName=GND Pin=J4-14
Added Pin To Net: NetName=NetC13_1 Pin=J5-1
Added Pin To Net: NetName=NetJ5_2 Pin=J5-2
Added Pin To Net: NetName=NetJ5_3 Pin=J5-3
Added Pin To Net: NetName=NetJ5_4 Pin=J5-4
Added Pin To Net: NetName=NetJ5_5 Pin=J5-5
Added Pin To Net: NetName=NetJ5_6 Pin=J5-6
Added Pin To Net: NetName=NetJ5_7 Pin=J5-7
Added Pin To Net: NetName=NetJ5_8 Pin=J5-8
Added Pin To Net: NetName=NetJ5_9 Pin=J5-9
Added Pin To Net: NetName=GND Pin=J5-10
Added Pin To Net: NetName=GND Pin=J5-12
Added Pin To Net: NetName=GND Pin=J5-14
Added Pin To Net: NetName=5VD Pin=J7-1
Added Pin To Net: NetName=NetJ7_2 Pin=J7-2
Added Pin To Net: NetName=NetJ7_3 Pin=J7-3
Added Pin To Net: NetName=GND Pin=J7-4
Added Pin To Net: NetName=NetJ7_5 Pin=J7-5
Added Pin To Net: NetName=NetJ7_6 Pin=J7-6
Added Pin To Net: NetName=GND Pin=J7-7
Added Pin To Net: NetName=NetJ7_8 Pin=J7-8
Added Pin To Net: NetName=NetJ7_9 Pin=J7-9
Added Pin To Net: NetName=5VD Pin=J7-10
Added Pin To Net: NetName=NetJ7_11 Pin=J7-11
Added Pin To Net: NetName=NetJ7_12 Pin=J7-12
Added Pin To Net: NetName=GND Pin=J7-13
Added Pin To Net: NetName=GND Pin=J8-1
Added Pin To Net: NetName=GND Pin=J8-1
Added Pin To Net: NetName=GND Pin=J8-1
Added Pin To Net: NetName=NetJ8_3 Pin=J8-3
Added Pin To Net: NetName=NetJ8_4 Pin=J8-4
Added Pin To Net: NetName=5V Pin=J8-5
Added Pin To Net: NetName=GND Pin=J8-6
Added Pin To Net: NetName=GND Pin=J8-7
Added Pin To Net: NetName=GND Pin=J8-8
Added Pin To Net: NetName=GND Pin=J8-9
Added Pin To Net: NetName=12V Pin=J9-1
Added Pin To Net: NetName=GND Pin=J9-2
Added Pin To Net: NetName=GND Pin=J9-3
Added Pin To Net: NetName=TXD2 Pin=P1-1
Added Pin To Net: NetName=RXD2 Pin=P1-2
Added Pin To Net: NetName=RTS2_N Pin=P1-3
Added Pin To Net: NetName=CTS2_N Pin=P1-4
Added Pin To Net: NetName=TXD3 Pin=P1-5
Added Pin To Net: NetName=RXD3 Pin=P1-6
Added Pin To Net: NetName=RTS3_N Pin=P1-7
Added Pin To Net: NetName=CTS3_N Pin=P1-8
Added Pin To Net: NetName=ND_WP Pin=P3-1
Added Pin To Net: NetName=ND_WE_N Pin=P3-2
Added Pin To Net: NetName=ND_ALE Pin=P3-3
Added Pin To Net: NetName=ND_CLE Pin=P3-4
Added Pin To Net: NetName=ND_CS_N Pin=P3-5
Added Pin To Net: NetName=ND_RE_N Pin=P3-6
Added Pin To Net: NetName=ND_RB_N Pin=P3-7
Added Pin To Net: NetName=ND_D0 Pin=P3-8
Added Pin To Net: NetName=ND_D1 Pin=P3-9
Added Pin To Net: NetName=ND_D2 Pin=P3-10
Added Pin To Net: NetName=ND_D3 Pin=P3-11
Added Pin To Net: NetName=ND_D4 Pin=P3-12
Added Pin To Net: NetName=ND_D5 Pin=P3-13
Added Pin To Net: NetName=ND_D6 Pin=P3-14
Added Pin To Net: NetName=ND_D7 Pin=P3-15
Added Pin To Net: NetName=GND Pin=P3-16
Added Pin To Net: NetName=JTAG_CLK Pin=P3-17
Added Pin To Net: NetName=JTAG_RST Pin=P3-18
Added Pin To Net: NetName=JTAG_DI Pin=P3-19
Added Pin To Net: NetName=JTAG_DO Pin=P3-20
Added Pin To Net: NetName=JTAG_MS Pin=P3-21
Added Pin To Net: NetName=GND Pin=P3-22
Added Pin To Net: NetName=PCIE_CK0_M Pin=P3-23
Added Pin To Net: NetName=PCIE_CK0_P Pin=P3-24
Added Pin To Net: NetName=PCIE_TX0_P Pin=P3-25
Added Pin To Net: NetName=PCIE_TX0_M Pin=P3-26
Added Pin To Net: NetName=PCIE_RXN0 Pin=P3-27
Added Pin To Net: NetName=PCIE_RXP0 Pin=P3-28
Added Pin To Net: NetName=WPS Pin=P3-29
Added Pin To Net: NetName=PCIE_CK1_P Pin=P3-30
Added Pin To Net: NetName=PCIE_CK1_M Pin=P3-31
Added Pin To Net: NetName=PCIE_RXN1 Pin=P3-32
Added Pin To Net: NetName=PCIE_RXP1 Pin=P3-33
Added Pin To Net: NetName=PCIE_TX1_M Pin=P3-34
Added Pin To Net: NetName=PCIE_TX1_P Pin=P3-35
Added Pin To Net: NetName=ESW_P4_LED_0 Pin=P4-1
Added Pin To Net: NetName=ESW_P3_LED_0 Pin=P4-2
Added Pin To Net: NetName=ESW_P2_LED_0 Pin=P4-3
Added Pin To Net: NetName=ESW_P1_LED_0 Pin=P4-4
Added Pin To Net: NetName=ESW_P0_LED_0 Pin=P4-5
Added Pin To Net: NetName=ESW_P0_LED_1 Pin=P4-6
Added Pin To Net: NetName=GE_TXD3 Pin=P4-7
Added Pin To Net: NetName=GE_TXD2 Pin=P4-8
Added Pin To Net: NetName=GE_TXD1 Pin=P4-9
Added Pin To Net: NetName=GE_TXD0 Pin=P4-10
Added Pin To Net: NetName=A_POR_BPS Pin=P4-11
Added Pin To Net: NetName=GE_MDIO Pin=P4-12
Added Pin To Net: NetName=GE_MDC Pin=P4-13
Added Pin To Net: NetName=GE_TXEN Pin=P4-14
Added Pin To Net: NetName=GE_TXCLK Pin=P4-15
Added Pin To Net: NetName=GE_RXD3 Pin=P4-16
Added Pin To Net: NetName=GE_RXD2 Pin=P4-17
Added Pin To Net: NetName=GE_RXD1 Pin=P4-18
Added Pin To Net: NetName=GE_RXD0 Pin=P4-19
Added Pin To Net: NetName=GE_RXDV Pin=P4-20
Added Pin To Net: NetName=GE_RXCLK Pin=P4-21
Added Pin To Net: NetName=GND Pin=P4-22
Added Pin To Net: NetName=CH340_TX Pin=P4-23
Added Pin To Net: NetName=CH340_RX Pin=P4-24
Added Pin To Net: NetName=RESET Pin=P4-25
Added Pin To Net: NetName=I2C_CLK Pin=P4-26
Added Pin To Net: NetName=I2C_SDA Pin=P4-27
Added Pin To Net: NetName=PCIE_TX2_M Pin=P4-28
Added Pin To Net: NetName=PCIE_TX2_P Pin=P4-29
Added Pin To Net: NetName=PCIE_RXP2 Pin=P4-30
Added Pin To Net: NetName=PCIE_RXN2 Pin=P4-31
Added Pin To Net: NetName=PCIE_CK2_M Pin=P4-32
Added Pin To Net: NetName=PCIE_CK2_P Pin=P4-33
Added Pin To Net: NetName=GPIO0 Pin=P4-34
Added Pin To Net: NetName=PERST_N Pin=P4-35
Added Pin To Net: NetName=CH340_TX Pin=R13-1
Added Pin To Net: NetName=NetR13_2 Pin=R13-2
Added Pin To Net: NetName=WPS Pin=S1-1
Added Pin To Net: NetName=GND Pin=S1-2
Added Pin To Net: NetName=GND Pin=S1-3
Added Pin To Net: NetName=3.3V Pin=U1-1
Added Pin To Net: NetName=3.3V Pin=U1-2
Added Pin To Net: NetName=3.3V Pin=U1-3
Added Pin To Net: NetName=3.3V Pin=U1-4
Added Pin To Net: NetName=GND Pin=U1-5
Added Pin To Net: NetName=GND Pin=U1-6
Added Pin To Net: NetName=GND Pin=U1-7
Added Pin To Net: NetName=GND Pin=U1-8
Added Pin To Net: NetName=CTS3_N Pin=U1-9
Added Pin To Net: NetName=TXD2 Pin=U1-10
Added Pin To Net: NetName=RXD2 Pin=U1-11
Added Pin To Net: NetName=TXD3 Pin=U1-12
Added Pin To Net: NetName=RXD3 Pin=U1-13
Added Pin To Net: NetName=RTS2_N Pin=U1-14
Added Pin To Net: NetName=CTS2_N Pin=U1-15
Added Pin To Net: NetName=RTS3_N Pin=U1-16
Added Pin To Net: NetName=NetJ7_12 Pin=U1-17
Added Pin To Net: NetName=NetJ7_11 Pin=U1-18
Added Pin To Net: NetName=GND Pin=U1-19
Added Pin To Net: NetName=NetJ7_9 Pin=U1-20
Added Pin To Net: NetName=NetJ7_8 Pin=U1-21
Added Pin To Net: NetName=NetJ7_6 Pin=U1-22
Added Pin To Net: NetName=NetJ7_5 Pin=U1-23
Added Pin To Net: NetName=GND Pin=U1-24
Added Pin To Net: NetName=NetJ7_3 Pin=U1-25
Added Pin To Net: NetName=NetJ7_2 Pin=U1-26
Added Pin To Net: NetName=GND Pin=U1-27
Added Pin To Net: NetName=NetJ5_2 Pin=U1-28
Added Pin To Net: NetName=NetJ5_3 Pin=U1-29
Added Pin To Net: NetName=NetJ5_4 Pin=U1-30
Added Pin To Net: NetName=NetJ5_7 Pin=U1-31
Added Pin To Net: NetName=NetJ5_5 Pin=U1-32
Added Pin To Net: NetName=NetJ5_6 Pin=U1-33
Added Pin To Net: NetName=NetJ5_8 Pin=U1-34
Added Pin To Net: NetName=NetJ5_9 Pin=U1-35
Added Pin To Net: NetName=NetJ4_2 Pin=U1-36
Added Pin To Net: NetName=NetJ4_3 Pin=U1-37
Added Pin To Net: NetName=NetJ4_4 Pin=U1-38
Added Pin To Net: NetName=NetJ4_7 Pin=U1-39
Added Pin To Net: NetName=NetJ4_5 Pin=U1-40
Added Pin To Net: NetName=NetJ4_6 Pin=U1-41
Added Pin To Net: NetName=NetJ4_8 Pin=U1-42
Added Pin To Net: NetName=NetJ4_9 Pin=U1-43
Added Pin To Net: NetName=GND Pin=U1-44
Added Pin To Net: NetName=NetJ3_2 Pin=U1-45
Added Pin To Net: NetName=NetJ3_3 Pin=U1-46
Added Pin To Net: NetName=NetJ3_4 Pin=U1-47
Added Pin To Net: NetName=NetJ3_7 Pin=U1-48
Added Pin To Net: NetName=NetJ3_5 Pin=U1-49
Added Pin To Net: NetName=NetJ3_6 Pin=U1-50
Added Pin To Net: NetName=NetJ3_8 Pin=U1-51
Added Pin To Net: NetName=NetJ3_9 Pin=U1-52
Added Pin To Net: NetName=GND Pin=U1-53
Added Pin To Net: NetName=NetJ2_2 Pin=U1-54
Added Pin To Net: NetName=NetJ2_3 Pin=U1-55
Added Pin To Net: NetName=NetJ2_4 Pin=U1-56
Added Pin To Net: NetName=NetJ2_4 Pin=U1-56
Added Pin To Net: NetName=NetJ2_7 Pin=U1-57
Added Pin To Net: NetName=NetJ2_5 Pin=U1-58
Added Pin To Net: NetName=NetJ2_6 Pin=U1-59
Added Pin To Net: NetName=NetJ2_8 Pin=U1-60
Added Pin To Net: NetName=NetJ2_9 Pin=U1-61
Added Pin To Net: NetName=GND Pin=U1-62
Added Pin To Net: NetName=NetJ1_2 Pin=U1-63
Added Pin To Net: NetName=NetJ1_3 Pin=U1-64
Added Pin To Net: NetName=NetJ1_4 Pin=U1-65
Added Pin To Net: NetName=NetJ1_7 Pin=U1-66
Added Pin To Net: NetName=NetJ1_5 Pin=U1-67
Added Pin To Net: NetName=NetJ1_6 Pin=U1-68
Added Pin To Net: NetName=NetJ1_8 Pin=U1-69
Added Pin To Net: NetName=NetJ1_9 Pin=U1-70
Added Pin To Net: NetName=ESW_P4_LED_0 Pin=U1-71
Added Pin To Net: NetName=ESW_P3_LED_0 Pin=U1-72
Added Pin To Net: NetName=ESW_P2_LED_0 Pin=U1-73
Added Pin To Net: NetName=ESW_P1_LED_0 Pin=U1-74
Added Pin To Net: NetName=ESW_P0_LED_0 Pin=U1-75
Added Pin To Net: NetName=ESW_P0_LED_1 Pin=U1-76
Added Pin To Net: NetName=GE_TXD3 Pin=U1-77
Added Pin To Net: NetName=GE_TXD2 Pin=U1-78
Added Pin To Net: NetName=GE_TXD1 Pin=U1-79
Added Pin To Net: NetName=GE_TXD0 Pin=U1-80
Added Pin To Net: NetName=A_POR_BPS Pin=U1-81
Added Pin To Net: NetName=GE_MDIO Pin=U1-82
Added Pin To Net: NetName=GE_MDC Pin=U1-83
Added Pin To Net: NetName=GE_TXEN Pin=U1-84
Added Pin To Net: NetName=GE_TXCLK Pin=U1-85
Added Pin To Net: NetName=GE_RXD3 Pin=U1-86
Added Pin To Net: NetName=GE_RXD2 Pin=U1-87
Added Pin To Net: NetName=GE_RXD1 Pin=U1-88
Added Pin To Net: NetName=GE_RXD0 Pin=U1-89
Added Pin To Net: NetName=GE_RXDV Pin=U1-90
Added Pin To Net: NetName=GE_RXCLK Pin=U1-91
Added Pin To Net: NetName=GND Pin=U1-92
Added Pin To Net: NetName=CH340_TX Pin=U1-93
Added Pin To Net: NetName=CH340_RX Pin=U1-94
Added Pin To Net: NetName=RESET Pin=U1-95
Added Pin To Net: NetName=I2C_CLK Pin=U1-96
Added Pin To Net: NetName=I2C_SDA Pin=U1-97
Added Pin To Net: NetName=PCIE_TX2_M Pin=U1-98
Added Pin To Net: NetName=PCIE_TX2_P Pin=U1-99
Added Pin To Net: NetName=PCIE_RXP2 Pin=U1-100
Added Pin To Net: NetName=PCIE_RXN2 Pin=U1-101
Added Pin To Net: NetName=PCIE_CK2_M Pin=U1-102
Added Pin To Net: NetName=PCIE_CK2_P Pin=U1-103
Added Pin To Net: NetName=GPIO0 Pin=U1-104
Added Pin To Net: NetName=PERST_N Pin=U1-105
Added Pin To Net: NetName=PCIE_TX1_P Pin=U1-106
Added Pin To Net: NetName=PCIE_TX1_M Pin=U1-107
Added Pin To Net: NetName=PCIE_RXP1 Pin=U1-108
Added Pin To Net: NetName=PCIE_RXN1 Pin=U1-109
Added Pin To Net: NetName=PCIE_CK1_M Pin=U1-110
Added Pin To Net: NetName=PCIE_CK1_P Pin=U1-111
Added Pin To Net: NetName=WPS Pin=U1-112
Added Pin To Net: NetName=PCIE_RXP0 Pin=U1-113
Added Pin To Net: NetName=PCIE_RXN0 Pin=U1-114
Added Pin To Net: NetName=PCIE_TX0_M Pin=U1-115
Added Pin To Net: NetName=PCIE_TX0_P Pin=U1-116
Added Pin To Net: NetName=PCIE_CK0_P Pin=U1-117
Added Pin To Net: NetName=PCIE_CK0_M Pin=U1-118
Added Pin To Net: NetName=GND Pin=U1-119
Added Pin To Net: NetName=JTAG_MS Pin=U1-120
Added Pin To Net: NetName=JTAG_DO Pin=U1-121
Added Pin To Net: NetName=JTAG_DI Pin=U1-122
Added Pin To Net: NetName=JTAG_RST Pin=U1-123
Added Pin To Net: NetName=JTAG_CLK Pin=U1-124
Added Pin To Net: NetName=GND Pin=U1-125
Added Pin To Net: NetName=ND_D7 Pin=U1-126
Added Pin To Net: NetName=ND_D6 Pin=U1-127
Added Pin To Net: NetName=ND_D5 Pin=U1-128
Added Pin To Net: NetName=ND_D4 Pin=U1-129
Added Pin To Net: NetName=ND_D3 Pin=U1-130
Added Pin To Net: NetName=ND_D2 Pin=U1-131
Added Pin To Net: NetName=ND_D1 Pin=U1-132
Added Pin To Net: NetName=ND_D0 Pin=U1-133
Added Pin To Net: NetName=ND_RB_N Pin=U1-134
Added Pin To Net: NetName=ND_RE_N Pin=U1-135
Added Pin To Net: NetName=ND_CS_N Pin=U1-136
Added Pin To Net: NetName=ND_CLE Pin=U1-137
Added Pin To Net: NetName=ND_ALE Pin=U1-138
Added Pin To Net: NetName=ND_WE_N Pin=U1-139
Added Pin To Net: NetName=ND_WP Pin=U1-140
Added Pin To Net: NetName=12V Pin=U2-1
Added Pin To Net: NetName=GND Pin=U2-2
Added Pin To Net: NetName=3V3 Pin=U2-3
Added Pin To Net: NetName=GND Pin=U2-4
Added Pin To Net: NetName=12V Pin=U3-1
Added Pin To Net: NetName=GND Pin=U3-2
Added Pin To Net: NetName=5VD Pin=U3-3
Added Pin To Net: NetName=GND Pin=U3-4
Added Pin To Net: NetName=NetJ8_3 Pin=U4-1
Added Pin To Net: NetName=NetJ8_4 Pin=U4-2
Added Pin To Net: NetName=GND Pin=U4-3
Added Pin To Net: NetName=CH340_RTS Pin=U4-4
Added Pin To Net: NetName=5V Pin=U4-5
Added Pin To Net: NetName=NetR13_2 Pin=U4-6
Added Pin To Net: NetName=CH340_RX Pin=U4-7
Added Pin To Net: NetName=5V Pin=U4-8
Added Pin To Net: NetName=ND_RB_N Pin=U5-7
Added Pin To Net: NetName=ND_RE_N Pin=U5-8
Added Pin To Net: NetName=ND_CS_N Pin=U5-9
Added Pin To Net: NetName=3V3 Pin=U5-12
Added Pin To Net: NetName=GND Pin=U5-13
Added Pin To Net: NetName=ND_CLE Pin=U5-16
Added Pin To Net: NetName=ND_ALE Pin=U5-17
Added Pin To Net: NetName=ND_WE_N Pin=U5-18
Added Pin To Net: NetName=ND_WP Pin=U5-19
Added Pin To Net: NetName=GND Pin=U5-25
Added Pin To Net: NetName=ND_D0 Pin=U5-29
Added Pin To Net: NetName=ND_D1 Pin=U5-30
Added Pin To Net: NetName=ND_D2 Pin=U5-31
Added Pin To Net: NetName=ND_D3 Pin=U5-32
Added Pin To Net: NetName=3V3 Pin=U5-34
Added Pin To Net: NetName=GND Pin=U5-36
Added Pin To Net: NetName=3V3 Pin=U5-37
Added Pin To Net: NetName=3V3 Pin=U5-39
Added Pin To Net: NetName=ND_D4 Pin=U5-41
Added Pin To Net: NetName=ND_D5 Pin=U5-42
Added Pin To Net: NetName=ND_D6 Pin=U5-43
Added Pin To Net: NetName=ND_D7 Pin=U5-44
Added Pin To Net: NetName=GND Pin=U5-48
Added Member To Class: ClassName=Sheet Member=Component J7 usb3.0_double
Added Member To Class: ClassName=Sheet Member=Component S1 SW_PB
Added Room: Name=Sheet
